{"/home/runner/work/The-basics/The-basics/backend/ndax_bot.js": {"path":"/home/runner/work/The-basics/The-basics/backend/ndax_bot.js","statementMap":{"0":{"start":{"line":6,"column":16},"end":{"line":6,"column":34}},"1":{"start":{"line":7,"column":12},"end":{"line":7,"column":21}},"2":{"start":{"line":9,"column":0},"end":{"line":9,"column":24}},"3":{"start":{"line":11,"column":16},"end":{"line":16,"column":1}},"4":{"start":{"line":18,"column":0},"end":{"line":23,"column":3}},"5":{"start":{"line":19,"column":2},"end":{"line":22,"column":5}},"6":{"start":{"line":25,"column":0},"end":{"line":31,"column":3}},"7":{"start":{"line":26,"column":2},"end":{"line":30,"column":5}},"8":{"start":{"line":33,"column":0},"end":{"line":39,"column":3}},"9":{"start":{"line":34,"column":2},"end":{"line":34,"column":27}},"10":{"start":{"line":35,"column":2},"end":{"line":35,"column":31}},"11":{"start":{"line":36,"column":2},"end":{"line":36,"column":50}},"12":{"start":{"line":37,"column":2},"end":{"line":37,"column":37}},"13":{"start":{"line":38,"column":2},"end":{"line":38,"column":73}},"14":{"start":{"line":41,"column":0},"end":{"line":47,"column":3}},"15":{"start":{"line":42,"column":2},"end":{"line":42,"column":28}},"16":{"start":{"line":43,"column":2},"end":{"line":43,"column":31}},"17":{"start":{"line":44,"column":2},"end":{"line":44,"column":50}},"18":{"start":{"line":45,"column":2},"end":{"line":45,"column":37}},"19":{"start":{"line":46,"column":2},"end":{"line":46,"column":73}},"20":{"start":{"line":49,"column":13},"end":{"line":49,"column":37}},"21":{"start":{"line":51,"column":0},"end":{"line":56,"column":1}},"22":{"start":{"line":52,"column":2},"end":{"line":55,"column":5}},"23":{"start":{"line":53,"column":4},"end":{"line":53,"column":57}},"24":{"start":{"line":54,"column":4},"end":{"line":54,"column":71}},"25":{"start":{"line":58,"column":0},"end":{"line":58,"column":21}}},"fnMap":{"0":{"name":"(anonymous_0)","decl":{"start":{"line":18,"column":19},"end":{"line":18,"column":20}},"loc":{"start":{"line":18,"column":33},"end":{"line":23,"column":1}},"line":18},"1":{"name":"(anonymous_1)","decl":{"start":{"line":25,"column":19},"end":{"line":25,"column":20}},"loc":{"start":{"line":25,"column":33},"end":{"line":31,"column":1}},"line":25},"2":{"name":"(anonymous_2)","decl":{"start":{"line":33,"column":19},"end":{"line":33,"column":20}},"loc":{"start":{"line":33,"column":33},"end":{"line":39,"column":1}},"line":33},"3":{"name":"(anonymous_3)","decl":{"start":{"line":41,"column":18},"end":{"line":41,"column":19}},"loc":{"start":{"line":41,"column":32},"end":{"line":47,"column":1}},"line":41},"4":{"name":"(anonymous_4)","decl":{"start":{"line":52,"column":19},"end":{"line":52,"column":20}},"loc":{"start":{"line":52,"column":25},"end":{"line":55,"column":3}},"line":52}},"branchMap":{"0":{"loc":{"start":{"line":49,"column":13},"end":{"line":49,"column":37}},"type":"binary-expr","locations":[{"start":{"line":49,"column":13},"end":{"line":49,"column":29}},{"start":{"line":49,"column":33},"end":{"line":49,"column":37}}],"line":49},"1":{"loc":{"start":{"line":51,"column":0},"end":{"line":56,"column":1}},"type":"if","locations":[{"start":{"line":51,"column":0},"end":{"line":56,"column":1}},{"start":{},"end":{}}],"line":51}},"s":{"0":0,"1":0,"2":0,"3":0,"4":0,"5":0,"6":0,"7":0,"8":0,"9":0,"10":0,"11":0,"12":0,"13":0,"14":0,"15":0,"16":0,"17":0,"18":0,"19":0,"20":0,"21":0,"22":0,"23":0,"24":0,"25":0},"f":{"0":0,"1":0,"2":0,"3":0,"4":0},"b":{"0":[0,0],"1":[0,0]},"inputSourceMap":null}
}
